android-google/build/intermediates/manifest_merge_blame_file/debug/manifest-merger-blame-debug-report.txt
1<?xml version="1.0" encoding="utf-8"?>
2<manifest xmlns:android="http://schemas.android.com/apk/res/android"
3    package="cn.jiguang.plugins.push"
4    android:versionCode="1"
5    android:versionName="1.0" >
6
7    <uses-sdk
8        android:minSdkVersion="21"
8-->src/main/AndroidManifest.xml
9        android:targetSdkVersion="27" />
9-->src/main/AndroidManifest.xml
10
11    <permission
12        android:name="dollar_openBracket_applicationId_closeBracket.permission.JPUSH_MESSAGE"
13        android:protectionLevel="signature" />
14
15    <!-- Required -->
16    <uses-permission android:name="dollar_openBracket_applicationId_closeBracket.permission.JPUSH_MESSAGE" />
17    <uses-permission android:name="android.permission.RECEIVE_USER_PRESENT" />
17-->src/main/AndroidManifest.xml:10:5-79
17-->src/main/AndroidManifest.xml:10:22-76
18    <uses-permission android:name="android.permission.INTERNET" />
18-->src/main/AndroidManifest.xml:11:5-67
18-->src/main/AndroidManifest.xml:11:22-64
19    <uses-permission android:name="android.permission.READ_PHONE_STATE" />
19-->src/main/AndroidManifest.xml:12:5-75
19-->src/main/AndroidManifest.xml:12:22-72
20    <uses-permission android:name="android.permission.WRITE_EXTERNAL_STORAGE" />
20-->src/main/AndroidManifest.xml:13:5-81
20-->src/main/AndroidManifest.xml:13:22-78
21    <uses-permission android:name="android.permission.READ_EXTERNAL_STORAGE" />
21-->src/main/AndroidManifest.xml:14:5-80
21-->src/main/AndroidManifest.xml:14:22-77
22    <uses-permission android:name="android.permission.MOUNT_UNMOUNT_FILESYSTEMS" />
22-->src/main/AndroidManifest.xml:15:5-84
22-->src/main/AndroidManifest.xml:15:22-81
23    <uses-permission android:name="android.permission.ACCESS_NETWORK_STATE" />
23-->src/main/AndroidManifest.xml:16:5-79
23-->src/main/AndroidManifest.xml:16:22-76
24    <uses-permission android:name="android.permission.ACCESS_WIFI_STATE" />
24-->src/main/AndroidManifest.xml:17:5-76
24-->src/main/AndroidManifest.xml:17:22-73
25
26    <!-- Optional. Required for location feature -->
27    <uses-permission android:name="android.permission.ACCESS_BACKGROUND_LOCATION" />
27-->src/main/AndroidManifest.xml:20:5-85
27-->src/main/AndroidManifest.xml:20:22-82
28    <uses-permission android:name="android.permission.SYSTEM_ALERT_WINDOW" />
28-->src/main/AndroidManifest.xml:21:5-78
28-->src/main/AndroidManifest.xml:21:22-75
29    <uses-permission android:name="android.permission.ACCESS_COARSE_LOCATION" />
29-->src/main/AndroidManifest.xml:22:5-81
29-->src/main/AndroidManifest.xml:22:22-78
30    <uses-permission android:name="android.permission.CHANGE_WIFI_STATE" />
30-->src/main/AndroidManifest.xml:23:5-76
30-->src/main/AndroidManifest.xml:23:22-73
31    <uses-permission android:name="android.permission.ACCESS_FINE_LOCATION" />
31-->src/main/AndroidManifest.xml:24:5-79
31-->src/main/AndroidManifest.xml:24:22-76
32    <uses-permission android:name="android.permission.ACCESS_LOCATION_EXTRA_COMMANDS" />
32-->src/main/AndroidManifest.xml:25:5-89
32-->src/main/AndroidManifest.xml:25:22-86
33    <uses-permission android:name="android.permission.CHANGE_NETWORK_STATE" />
33-->src/main/AndroidManifest.xml:26:5-79
33-->src/main/AndroidManifest.xml:26:22-76
34    <uses-permission android:name="android.permission.GET_TASKS" />
34-->src/main/AndroidManifest.xml:27:5-68
34-->src/main/AndroidManifest.xml:27:22-65
35    <uses-permission android:name="android.permission.VIBRATE" />
35-->src/main/AndroidManifest.xml:28:5-66
35-->src/main/AndroidManifest.xml:28:22-63
36
37    <application>
37-->src/main/AndroidManifest.xml:30:5-82:19
38        <activity
38-->src/main/AndroidManifest.xml:31:9-34:52
39            android:name="cn.jpush.android.ui.PopWinActivity"
39-->src/main/AndroidManifest.xml:32:13-62
40            android:exported="false"
40-->src/main/AndroidManifest.xml:33:13-37
41            android:theme="@style/MyDialogStyle" />
41-->src/main/AndroidManifest.xml:34:13-49
42        <activity
42-->src/main/AndroidManifest.xml:36:9-47:20
43            android:name="cn.jpush.android.ui.PushActivity"
43-->src/main/AndroidManifest.xml:37:13-60
44            android:configChanges="orientation|keyboardHidden"
44-->src/main/AndroidManifest.xml:38:13-63
45            android:exported="false"
45-->src/main/AndroidManifest.xml:39:13-37
46            android:theme="@android:style/Theme.NoTitleBar" >
46-->src/main/AndroidManifest.xml:40:13-60
47            <intent-filter>
48                <action android:name="cn.jpush.android.ui.PushActivity" />
48-->src/main/AndroidManifest.xml:42:17-75
48-->src/main/AndroidManifest.xml:42:25-72
49
50                <category android:name="android.intent.category.DEFAULT" />
50-->src/main/AndroidManifest.xml:44:17-76
50-->src/main/AndroidManifest.xml:44:27-73
51                <category android:name="dollar_openBracket_applicationId_closeBracket" />
52            </intent-filter>
53        </activity>
54        <activity
54-->src/main/AndroidManifest.xml:49:9-58:20
55            android:name="cn.jpush.android.service.JNotifyActivity"
55-->src/main/AndroidManifest.xml:50:13-68
56            android:exported="false"
56-->src/main/AndroidManifest.xml:51:13-37
57            android:taskAffinity="jpush.custom"
57-->src/main/AndroidManifest.xml:52:13-48
58            android:theme="@android:style/Theme.Translucent.NoTitleBar" >
58-->src/main/AndroidManifest.xml:53:13-72
59            <intent-filter>
60                <action android:name="cn.jpush.android.intent.JNotifyActivity" />
60-->src/main/AndroidManifest.xml:55:17-82
60-->src/main/AndroidManifest.xml:55:25-79
61
62                <category android:name="dollar_openBracket_applicationId_closeBracket" />
63            </intent-filter>
64        </activity>
65
66        <receiver
66-->src/main/AndroidManifest.xml:60:9-68:20
67            android:name="cn.jiguang.plugins.push.receiver.JPushModuleReceiver"
67-->src/main/AndroidManifest.xml:61:13-57
68            android:enabled="true"
68-->src/main/AndroidManifest.xml:62:13-35
69            android:exported="false" >
69-->src/main/AndroidManifest.xml:63:13-37
70            <intent-filter>
71                <action android:name="cn.jpush.android.intent.RECEIVE_MESSAGE" />
71-->src/main/AndroidManifest.xml:65:17-82
71-->src/main/AndroidManifest.xml:65:25-79
72
73                <category android:name="dollar_openBracket_applicationId_closeBracket" />
74            </intent-filter>
75        </receiver>
76        <receiver
76-->src/main/AndroidManifest.xml:70:9-78:20
77            android:name="cn.jiguang.plugins.push.receiver.JPushBroadcastReceiver"
77-->src/main/AndroidManifest.xml:71:13-60
78            android:enabled="true"
78-->src/main/AndroidManifest.xml:72:13-35
79            android:exported="false" >
79-->src/main/AndroidManifest.xml:73:13-37
80            <intent-filter>
81                <action android:name="cn.jpush.android.intent.NOTIFICATION_OPENED" />
81-->src/main/AndroidManifest.xml:75:17-86
81-->src/main/AndroidManifest.xml:75:25-83
82
83                <category android:name="dollar_openBracket_applicationId_closeBracket" />
84            </intent-filter>
85        </receiver>
86        <receiver
86-->src/main/AndroidManifest.xml:80:9-103
87            android:name="cn.jpush.android.service.SchedulerReceiver"
87-->src/main/AndroidManifest.xml:80:19-76
88            android:exported="false" />
88-->src/main/AndroidManifest.xml:80:77-101
89    </application>
90
91</manifest>